<?xml version="1.0" encoding="UTF-8"?>
<!-- Generated by org.testng.reporters.JUnitXMLReporter -->
<testsuite ignored="0" hostname="LAPTOP-AOJIHBP7" failures="2" tests="7" name="Account Details Tests" time="463.355" errors="0" timestamp="2026-04-16T16:28:01 IST">
  <testcase classname="io.cucumber.testng.AbstractTestNGCucumberTests" name="runScenario" time="56.844"/>
  <testcase classname="io.cucumber.testng.AbstractTestNGCucumberTests" name="runScenario" time="89.106">
    <failure type="java.lang.AssertionError" message="Success message not displayed after saving account details! expected [true] but found [false]">
      <![CDATA[java.lang.AssertionError: Success message not displayed after saving account details! expected [true] but found [false]
at stepdefinitions.AccountDetailsSteps.i_should_see_account_details_saved_success_message(AccountDetailsSteps.java:87)
at ✽.I should see account details saved success message(file:///C:/Users/Lenovo/woo-project/src/test/resources/features/AccountDetails.feature:22)
... Removed 3 stack frames]]>
    </failure>
  </testcase> <!-- runScenario -->
  <testcase classname="io.cucumber.testng.AbstractTestNGCucumberTests" name="runScenario" time="87.838">
    <failure type="java.lang.AssertionError" message="Success message not displayed after saving account details! expected [true] but found [false]">
      <![CDATA[java.lang.AssertionError: Success message not displayed after saving account details! expected [true] but found [false]
at stepdefinitions.AccountDetailsSteps.i_should_see_account_details_saved_success_message(AccountDetailsSteps.java:87)
at ✽.I should see account details saved success message(file:///C:/Users/Lenovo/woo-project/src/test/resources/features/AccountDetails.feature:30)
... Removed 3 stack frames]]>
    </failure>
  </testcase> <!-- runScenario -->
  <testcase classname="io.cucumber.testng.AbstractTestNGCucumberTests" name="runScenario" time="56.714"/>
  <testcase classname="io.cucumber.testng.AbstractTestNGCucumberTests" name="runScenario" time="58.105"/>
  <testcase classname="io.cucumber.testng.AbstractTestNGCucumberTests" name="runScenario" time="57.791"/>
  <testcase classname="io.cucumber.testng.AbstractTestNGCucumberTests" name="runScenario" time="56.118"/>
</testsuite> <!-- Account Details Tests -->
