<?xml version="1.0" encoding="UTF-8"?>
<!-- Generated by org.testng.reporters.JUnitXMLReporter -->
<testsuite ignored="0" hostname="LAPTOP-AOJIHBP7" failures="5" tests="7" name="Account Details Tests" time="255.424" errors="0" timestamp="2026-04-16T17:46:52 IST">
  <testcase classname="io.cucumber.testng.AbstractTestNGCucumberTests" name="runScenario" time="46.613"/>
  <testcase classname="io.cucumber.testng.AbstractTestNGCucumberTests" name="runScenario" time="49.077"/>
  <testcase classname="io.cucumber.testng.AbstractTestNGCucumberTests" name="runScenario" time="31.378">
    <failure type="java.lang.AssertionError" message="Login was not successful! expected [true] but found [false]">
      <![CDATA[java.lang.AssertionError: Login was not successful! expected [true] but found [false]
at stepdefinitions.LoginSteps.i_should_be_logged_in_successfully(LoginSteps.java:46)
at ✽.I should be logged in successfully(file:///C:/Users/Lenovo/woo-project/src/test/resources/features/AccountDetails.feature:9)
... Removed 3 stack frames]]>
    </failure>
  </testcase> <!-- runScenario -->
  <testcase classname="io.cucumber.testng.AbstractTestNGCucumberTests" name="runScenario" time="30.219">
    <failure type="java.lang.AssertionError" message="Login was not successful! expected [true] but found [false]">
      <![CDATA[java.lang.AssertionError: Login was not successful! expected [true] but found [false]
at stepdefinitions.LoginSteps.i_should_be_logged_in_successfully(LoginSteps.java:46)
at ✽.I should be logged in successfully(file:///C:/Users/Lenovo/woo-project/src/test/resources/features/AccountDetails.feature:9)
... Removed 3 stack frames]]>
    </failure>
  </testcase> <!-- runScenario -->
  <testcase classname="io.cucumber.testng.AbstractTestNGCucumberTests" name="runScenario" time="34.898">
    <failure type="java.lang.AssertionError" message="Login was not successful! expected [true] but found [false]">
      <![CDATA[java.lang.AssertionError: Login was not successful! expected [true] but found [false]
at stepdefinitions.LoginSteps.i_should_be_logged_in_successfully(LoginSteps.java:46)
at ✽.I should be logged in successfully(file:///C:/Users/Lenovo/woo-project/src/test/resources/features/AccountDetails.feature:9)
... Removed 3 stack frames]]>
    </failure>
  </testcase> <!-- runScenario -->
  <testcase classname="io.cucumber.testng.AbstractTestNGCucumberTests" name="runScenario" time="30.341">
    <failure type="java.lang.AssertionError" message="Login was not successful! expected [true] but found [false]">
      <![CDATA[java.lang.AssertionError: Login was not successful! expected [true] but found [false]
at stepdefinitions.LoginSteps.i_should_be_logged_in_successfully(LoginSteps.java:46)
at ✽.I should be logged in successfully(file:///C:/Users/Lenovo/woo-project/src/test/resources/features/AccountDetails.feature:9)
... Removed 3 stack frames]]>
    </failure>
  </testcase> <!-- runScenario -->
  <testcase classname="io.cucumber.testng.AbstractTestNGCucumberTests" name="runScenario" time="32.013">
    <failure type="java.lang.AssertionError" message="Login was not successful! expected [true] but found [false]">
      <![CDATA[java.lang.AssertionError: Login was not successful! expected [true] but found [false]
at stepdefinitions.LoginSteps.i_should_be_logged_in_successfully(LoginSteps.java:46)
at ✽.I should be logged in successfully(file:///C:/Users/Lenovo/woo-project/src/test/resources/features/AccountDetails.feature:9)
... Removed 3 stack frames]]>
    </failure>
  </testcase> <!-- runScenario -->
</testsuite> <!-- Account Details Tests -->
