<?xml version="1.0" encoding="UTF-8"?>
<testng-results ignored="0" total="5" passed="5" failed="0" skipped="0">
  <reporter-output>
  </reporter-output>
  <suite started-at="2026-04-09T16:44:19 IST" name="Default suite" finished-at="2026-04-09T16:49:08 IST" duration-ms="288459">
    <groups>
      <group name="cucumber">
        <method signature="AbstractTestNGCucumberTests.runScenario(io.cucumber.testng.PickleWrapper,io.cucumber.testng.FeatureWrapper)[pri:0, instance:runners.AddressesTestRunner@157853da]" name="runScenario" class="io.cucumber.testng.AbstractTestNGCucumberTests"/>
      </group> <!-- cucumber -->
    </groups>
    <test started-at="2026-04-09T16:44:19 IST" name="Default test" finished-at="2026-04-09T16:49:08 IST" duration-ms="288459">
      <class name="runners.AddressesTestRunner">
        <test-method is-config="true" signature="setUpClass(org.testng.ITestContext)[pri:0, instance:runners.AddressesTestRunner@157853da]" started-at="2026-04-09T16:44:19 IST" name="setUpClass" finished-at="2026-04-09T16:44:21 IST" duration-ms="1510" status="PASS">
          <params>
            <param index="0">
              <value>
                <![CDATA[org.testng.TestRunner@575c23f1]]>
              </value>
            </param>
          </params>
          <reporter-output>
          </reporter-output>
        </test-method> <!-- setUpClass -->
        <test-method signature="runScenario(io.cucumber.testng.PickleWrapper,io.cucumber.testng.FeatureWrapper)[pri:0, instance:runners.AddressesTestRunner@157853da]" started-at="2026-04-09T16:44:21 IST" name="runScenario" description="Runs Cucumber Scenarios" data-provider="scenarios" finished-at="2026-04-09T16:45:00 IST" duration-ms="39454" status="PASS">
          <params>
            <param index="0">
              <value>
                <![CDATA["Verify addresses page loads with billing and shipping sections"]]>
              </value>
            </param>
            <param index="1">
              <value>
                <![CDATA["WooCommerce Addresses Functionality"]]>
              </value>
            </param>
          </params>
          <reporter-output>
          </reporter-output>
        </test-method> <!-- runScenario -->
        <test-method signature="runScenario(io.cucumber.testng.PickleWrapper,io.cucumber.testng.FeatureWrapper)[pri:0, instance:runners.AddressesTestRunner@157853da]" started-at="2026-04-09T16:45:00 IST" name="runScenario" description="Runs Cucumber Scenarios" data-provider="scenarios" finished-at="2026-04-09T16:46:06 IST" duration-ms="65479" status="PASS">
          <params>
            <param index="0">
              <value>
                <![CDATA["Edit billing address successfully"]]>
              </value>
            </param>
            <param index="1">
              <value>
                <![CDATA["WooCommerce Addresses Functionality"]]>
              </value>
            </param>
          </params>
          <reporter-output>
          </reporter-output>
        </test-method> <!-- runScenario -->
        <test-method signature="runScenario(io.cucumber.testng.PickleWrapper,io.cucumber.testng.FeatureWrapper)[pri:0, instance:runners.AddressesTestRunner@157853da]" started-at="2026-04-09T16:46:06 IST" name="runScenario" description="Runs Cucumber Scenarios" data-provider="scenarios" finished-at="2026-04-09T16:47:06 IST" duration-ms="60546" status="PASS">
          <params>
            <param index="0">
              <value>
                <![CDATA["Edit billing address with empty first name shows error"]]>
              </value>
            </param>
            <param index="1">
              <value>
                <![CDATA["WooCommerce Addresses Functionality"]]>
              </value>
            </param>
          </params>
          <reporter-output>
          </reporter-output>
        </test-method> <!-- runScenario -->
        <test-method signature="runScenario(io.cucumber.testng.PickleWrapper,io.cucumber.testng.FeatureWrapper)[pri:0, instance:runners.AddressesTestRunner@157853da]" started-at="2026-04-09T16:47:06 IST" name="runScenario" description="Runs Cucumber Scenarios" data-provider="scenarios" finished-at="2026-04-09T16:48:11 IST" duration-ms="64671" status="PASS">
          <params>
            <param index="0">
              <value>
                <![CDATA["Edit shipping address successfully"]]>
              </value>
            </param>
            <param index="1">
              <value>
                <![CDATA["WooCommerce Addresses Functionality"]]>
              </value>
            </param>
          </params>
          <reporter-output>
          </reporter-output>
        </test-method> <!-- runScenario -->
        <test-method signature="runScenario(io.cucumber.testng.PickleWrapper,io.cucumber.testng.FeatureWrapper)[pri:0, instance:runners.AddressesTestRunner@157853da]" started-at="2026-04-09T16:48:11 IST" name="runScenario" description="Runs Cucumber Scenarios" data-provider="scenarios" finished-at="2026-04-09T16:49:07 IST" duration-ms="56050" status="PASS">
          <params>
            <param index="0">
              <value>
                <![CDATA["Edit shipping address with empty first name shows error"]]>
              </value>
            </param>
            <param index="1">
              <value>
                <![CDATA["WooCommerce Addresses Functionality"]]>
              </value>
            </param>
          </params>
          <reporter-output>
          </reporter-output>
        </test-method> <!-- runScenario -->
        <test-method is-config="true" signature="tearDownClass()[pri:0, instance:runners.AddressesTestRunner@157853da]" started-at="2026-04-09T16:49:07 IST" name="tearDownClass" finished-at="2026-04-09T16:49:08 IST" duration-ms="672" status="PASS">
          <reporter-output>
          </reporter-output>
        </test-method> <!-- tearDownClass -->
      </class> <!-- runners.AddressesTestRunner -->
    </test> <!-- Default test -->
  </suite> <!-- Default suite -->
</testng-results>
