<?xml version="1.0" encoding="UTF-8"?>
<!-- Generated by org.testng.reporters.JUnitReportReporter -->
<testsuite hostname="LAPTOP-AOJIHBP7" failures="0" tests="3" name="runners.DashboardTestRunner" time="314.952" errors="0" timestamp="2026-04-15T12:22:34 IST" skipped="0">
  <testcase classname="runners.DashboardTestRunner" name="runScenario" time="239.026"/>
  <testcase classname="runners.DashboardTestRunner" name="runScenario" time="38.981"/>
  <testcase classname="runners.DashboardTestRunner" name="runScenario" time="36.945"/>
</testsuite> <!-- runners.DashboardTestRunner -->
