<?xml version="1.0" encoding="UTF-8"?>
<!-- Generated by org.testng.reporters.JUnitReportReporter -->
<testsuite hostname="LAPTOP-AOJIHBP7" failures="3" tests="7" name="runners.CartTestRunner" time="632.610" errors="0" timestamp="2026-04-15T12:22:34 IST" skipped="0">
  <testcase classname="runners.CartTestRunner" name="runScenario" time="96.200">
    <failure message="Product not found in cart: Test Product 1 - 1 LITRE CAN expected [true] but found [false]" type="java.lang.AssertionError">
      <![CDATA[java.lang.AssertionError: Product not found in cart: Test Product 1 - 1 LITRE CAN expected [true] but found [false]
at org.testng.Assert.fail(Assert.java:111)
at org.testng.Assert.failNotEquals(Assert.java:1578)
at org.testng.Assert.assertTrue(Assert.java:57)
at stepdefinitions.CartSteps.i_should_see_product_in_cart(CartSteps.java:36)
at ✽.I should see product in cart "Test Product 1 - 1 LITRE CAN"(file:///C:/Users/Lenovo/woo-project/src/test/resources/features/Cart.feature:14)
]]>
    </failure>
  </testcase> <!-- runScenario -->
  <testcase classname="runners.CartTestRunner" name="runScenario" time="72.312"/>
  <testcase classname="runners.CartTestRunner" name="runScenario" time="124.653">
    <failure message="Subtotal is not updated! expected [true] but found [false]" type="java.lang.AssertionError">
      <![CDATA[java.lang.AssertionError: Subtotal is not updated! expected [true] but found [false]
at org.testng.Assert.fail(Assert.java:111)
at org.testng.Assert.failNotEquals(Assert.java:1578)
at org.testng.Assert.assertTrue(Assert.java:57)
at stepdefinitions.CartSteps.i_should_see_updated_subtotal(CartSteps.java:58)
at ✽.I should see updated subtotal(file:///C:/Users/Lenovo/woo-project/src/test/resources/features/Cart.feature:21)
]]>
    </failure>
  </testcase> <!-- runScenario -->
  <testcase classname="runners.CartTestRunner" name="runScenario" time="77.975"/>
  <testcase classname="runners.CartTestRunner" name="runScenario" time="92.164">
    <failure message="Cart total is not displayed! expected [true] but found [false]" type="java.lang.AssertionError">
      <![CDATA[java.lang.AssertionError: Cart total is not displayed! expected [true] but found [false]
at org.testng.Assert.fail(Assert.java:111)
at org.testng.Assert.failNotEquals(Assert.java:1578)
at org.testng.Assert.assertTrue(Assert.java:57)
at stepdefinitions.CartSteps.i_should_see_cart_total_displayed(CartSteps.java:42)
at ✽.I should see cart total displayed(file:///C:/Users/Lenovo/woo-project/src/test/resources/features/Cart.feature:17)
]]>
    </failure>
  </testcase> <!-- runScenario -->
  <testcase classname="runners.CartTestRunner" name="runScenario" time="82.673"/>
  <testcase classname="runners.CartTestRunner" name="runScenario" time="86.633"/>
</testsuite> <!-- runners.CartTestRunner -->
