<?xml version="1.0" encoding="UTF-8"?>
<!-- Generated by org.testng.reporters.JUnitReportReporter -->
<testsuite hostname="LAPTOP-AOJIHBP7" failures="0" tests="4" name="runners.RegisterTestRunner" time="158.390" errors="0" timestamp="2026-04-15T12:22:34 IST" skipped="0">
  <testcase classname="runners.RegisterTestRunner" name="runScenario" time="49.992"/>
  <testcase classname="runners.RegisterTestRunner" name="runScenario" time="40.629"/>
  <testcase classname="runners.RegisterTestRunner" name="runScenario" time="29.168"/>
  <testcase classname="runners.RegisterTestRunner" name="runScenario" time="38.601"/>
</testsuite> <!-- runners.RegisterTestRunner -->
