<?xml version="1.0" encoding="UTF-8"?>
<!-- Generated by org.testng.reporters.JUnitReportReporter -->
<testsuite hostname="LAPTOP-AOJIHBP7" failures="0" tests="4" name="runners.RegisterTestRunner" time="116.506" errors="0" timestamp="2026-04-10T10:13:05 IST" skipped="0">
  <testcase classname="runners.RegisterTestRunner" name="runScenario" time="34.438"/>
  <testcase classname="runners.RegisterTestRunner" name="runScenario" time="27.055"/>
  <testcase classname="runners.RegisterTestRunner" name="runScenario" time="26.743"/>
  <testcase classname="runners.RegisterTestRunner" name="runScenario" time="28.270"/>
</testsuite> <!-- runners.RegisterTestRunner -->
