<?xml version="1.0" encoding="UTF-8"?>
<!-- Generated by org.testng.reporters.JUnitReportReporter -->
<testsuite hostname="LAPTOP-AOJIHBP7" failures="0" tests="5" name="runners.AddressesTestRunner" time="286.200" errors="0" timestamp="2026-04-09T16:49:08 IST" skipped="0">
  <testcase classname="runners.AddressesTestRunner" name="runScenario" time="65.479"/>
  <testcase classname="runners.AddressesTestRunner" name="runScenario" time="64.671"/>
  <testcase classname="runners.AddressesTestRunner" name="runScenario" time="39.454"/>
  <testcase classname="runners.AddressesTestRunner" name="runScenario" time="56.050"/>
  <testcase classname="runners.AddressesTestRunner" name="runScenario" time="60.546"/>
</testsuite> <!-- runners.AddressesTestRunner -->
