<?xml version="1.0" encoding="UTF-8"?>
<!-- Generated by org.testng.reporters.JUnitReportReporter -->
<testsuite hostname="LAPTOP-AOJIHBP7" failures="0" tests="3" name="runners.CheckoutTestRunner" time="338.605" errors="0" timestamp="2026-04-15T12:33:04 IST" skipped="0">
  <testcase classname="runners.CheckoutTestRunner" name="runScenario" time="69.407"/>
  <testcase classname="runners.CheckoutTestRunner" name="runScenario" time="154.666"/>
  <testcase classname="runners.CheckoutTestRunner" name="runScenario" time="114.532"/>
</testsuite> <!-- runners.CheckoutTestRunner -->
