<?xml version="1.0" encoding="UTF-8"?>
<!-- Generated by org.testng.reporters.JUnitReportReporter -->
<testsuite hostname="LAPTOP-AOJIHBP7" failures="0" tests="4" name="runners.ProductSearchTestRunner" time="250.110" errors="0" timestamp="2026-04-16T17:38:03 IST" skipped="0">
  <testcase classname="runners.ProductSearchTestRunner" name="runScenario" time="60.526"/>
  <testcase classname="runners.ProductSearchTestRunner" name="runScenario" time="62.985"/>
  <testcase classname="runners.ProductSearchTestRunner" name="runScenario" time="66.392"/>
  <testcase classname="runners.ProductSearchTestRunner" name="runScenario" time="60.207"/>
</testsuite> <!-- runners.ProductSearchTestRunner -->
