<?xml version="1.0" encoding="UTF-8"?>
<!-- Generated by org.testng.reporters.JUnitReportReporter -->
<testsuite hostname="LAPTOP-AOJIHBP7" failures="0" tests="7" name="runners.CartTestRunner" time="456.275" errors="0" timestamp="2026-04-13T10:22:22 IST" skipped="0">
  <testcase classname="runners.CartTestRunner" name="runScenario" time="72.365"/>
  <testcase classname="runners.CartTestRunner" name="runScenario" time="71.899"/>
  <testcase classname="runners.CartTestRunner" name="runScenario" time="72.234"/>
  <testcase classname="runners.CartTestRunner" name="runScenario" time="55.072"/>
  <testcase classname="runners.CartTestRunner" name="runScenario" time="56.413"/>
  <testcase classname="runners.CartTestRunner" name="runScenario" time="55.328"/>
  <testcase classname="runners.CartTestRunner" name="runScenario" time="72.964"/>
</testsuite> <!-- runners.CartTestRunner -->
