<?xml version="1.0" encoding="UTF-8"?>
<!-- Generated by org.testng.reporters.JUnitReportReporter -->
<testsuite hostname="LAPTOP-AOJIHBP7" failures="0" tests="7" name="runners.AccountDetailsTestRunner" time="254.836" errors="0" timestamp="2026-04-09T14:23:01 IST" skipped="0">
  <testcase classname="runners.AccountDetailsTestRunner" name="runScenario" time="37.340"/>
  <testcase classname="runners.AccountDetailsTestRunner" name="runScenario" time="37.910"/>
  <testcase classname="runners.AccountDetailsTestRunner" name="runScenario" time="35.734"/>
  <testcase classname="runners.AccountDetailsTestRunner" name="runScenario" time="34.800"/>
  <testcase classname="runners.AccountDetailsTestRunner" name="runScenario" time="39.661"/>
  <testcase classname="runners.AccountDetailsTestRunner" name="runScenario" time="33.934"/>
  <testcase classname="runners.AccountDetailsTestRunner" name="runScenario" time="35.457"/>
</testsuite> <!-- runners.AccountDetailsTestRunner -->
