<?xml version="1.0" encoding="UTF-8"?>
<!-- Generated by org.testng.reporters.JUnitReportReporter -->
<testsuite hostname="LAPTOP-AOJIHBP7" failures="1" tests="4" name="runners.ProductSearchTestRunner" time="245.298" errors="0" timestamp="2026-04-15T12:22:34 IST" skipped="0">
  <testcase classname="runners.ProductSearchTestRunner" name="runScenario" time="112.290">
    <failure message="Add to cart success message is not visible! expected [true] but found [false]" type="java.lang.AssertionError">
      <![CDATA[java.lang.AssertionError: Add to cart success message is not visible! expected [true] but found [false]
at org.testng.Assert.fail(Assert.java:111)
at org.testng.Assert.failNotEquals(Assert.java:1578)
at org.testng.Assert.assertTrue(Assert.java:57)
at stepdefinitions.ProductSearchSteps.i_should_see_add_to_cart_success_message(ProductSearchSteps.java:85)
at ✽.I should see add to cart success message(file:///C:/Users/Lenovo/woo-project/src/test/resources/features/ProductSearch.feature:33)
]]>
    </failure>
  </testcase> <!-- runScenario -->
  <testcase classname="runners.ProductSearchTestRunner" name="runScenario" time="36.840"/>
  <testcase classname="runners.ProductSearchTestRunner" name="runScenario" time="53.764"/>
  <testcase classname="runners.ProductSearchTestRunner" name="runScenario" time="42.404"/>
</testsuite> <!-- runners.ProductSearchTestRunner -->
