<?xml version="1.0" encoding="UTF-8"?>
<!-- Generated by org.testng.reporters.JUnitReportReporter -->
<testsuite hostname="LAPTOP-AOJIHBP7" failures="0" tests="3" name="runners.LoginTestRunner" time="88.058" errors="0" timestamp="2026-04-13T10:08:07 IST" skipped="0">
  <testcase classname="runners.LoginTestRunner" name="runScenario" time="28.197"/>
  <testcase classname="runners.LoginTestRunner" name="runScenario" time="33.471"/>
  <testcase classname="runners.LoginTestRunner" name="runScenario" time="26.390"/>
</testsuite> <!-- runners.LoginTestRunner -->
