<?xml version="1.0" encoding="UTF-8"?>
<!-- Generated by org.testng.reporters.JUnitReportReporter -->
<testsuite hostname="LAPTOP-AOJIHBP7" failures="0" tests="5" name="runners.AddressesTestRunner" time="243.230" errors="0" timestamp="2026-04-13T10:08:07 IST" skipped="0">
  <testcase classname="runners.AddressesTestRunner" name="runScenario" time="32.495"/>
  <testcase classname="runners.AddressesTestRunner" name="runScenario" time="55.266"/>
  <testcase classname="runners.AddressesTestRunner" name="runScenario" time="54.260"/>
  <testcase classname="runners.AddressesTestRunner" name="runScenario" time="50.504"/>
  <testcase classname="runners.AddressesTestRunner" name="runScenario" time="50.705"/>
</testsuite> <!-- runners.AddressesTestRunner -->
