<?xml version="1.0" encoding="UTF-8"?>
<!-- Generated by org.testng.reporters.JUnitReportReporter -->
<testsuite hostname="LAPTOP-AOJIHBP7" failures="0" tests="3" name="runners.DashboardTestRunner" time="360.900" errors="0" timestamp="2026-04-16T16:51:45 IST" skipped="0">
  <testcase classname="runners.DashboardTestRunner" name="runScenario" time="36.729"/>
  <testcase classname="runners.DashboardTestRunner" name="runScenario" time="36.202"/>
  <testcase classname="runners.DashboardTestRunner" name="runScenario" time="287.969"/>
</testsuite> <!-- runners.DashboardTestRunner -->
