<?xml version="1.0" encoding="UTF-8"?>
<!-- Generated by org.testng.reporters.JUnitReportReporter -->
<testsuite hostname="LAPTOP-AOJIHBP7" failures="0" tests="3" name="runners.TestRunner" time="90.837" errors="0" timestamp="2026-04-07T11:03:08 IST" skipped="0">
  <testcase classname="runners.TestRunner" name="runScenario" time="30.092"/>
  <testcase classname="runners.TestRunner" name="runScenario" time="26.590"/>
  <testcase classname="runners.TestRunner" name="runScenario" time="34.155"/>
</testsuite> <!-- runners.TestRunner -->
