<?xml version="1.0" encoding="UTF-8"?>
<!-- Generated by org.testng.reporters.JUnitReportReporter -->
<testsuite hostname="LAPTOP-AOJIHBP7" failures="0" tests="7" name="runners.AccountDetailsTestRunner" time="250.716" errors="0" timestamp="2026-04-10T10:13:05 IST" skipped="0">
  <testcase classname="runners.AccountDetailsTestRunner" name="runScenario" time="37.936"/>
  <testcase classname="runners.AccountDetailsTestRunner" name="runScenario" time="35.572"/>
  <testcase classname="runners.AccountDetailsTestRunner" name="runScenario" time="37.097"/>
  <testcase classname="runners.AccountDetailsTestRunner" name="runScenario" time="34.336"/>
  <testcase classname="runners.AccountDetailsTestRunner" name="runScenario" time="35.332"/>
  <testcase classname="runners.AccountDetailsTestRunner" name="runScenario" time="35.221"/>
  <testcase classname="runners.AccountDetailsTestRunner" name="runScenario" time="35.222"/>
</testsuite> <!-- runners.AccountDetailsTestRunner -->
