<?xml version="1.0" encoding="UTF-8"?>
<!-- Generated by org.testng.reporters.JUnitXMLReporter -->
<testsuite ignored="0" hostname="DESKTOP-7OHM77N" failures="2" tests="3" name="1 - Login Tests" time="97.27" errors="0" timestamp="2026-04-09T21:56:46 IST">
  <testcase classname="io.cucumber.testng.AbstractTestNGCucumberTests" name="runScenario" time="47.57">
    <failure type="java.lang.AssertionError" message="Login was not successful! expected [true] but found [false]">
      <![CDATA[java.lang.AssertionError: Login was not successful! expected [true] but found [false]
at stepdefinitions.LoginSteps.i_should_be_logged_in_successfully(LoginSteps.java:46)
at ✽.I should be logged in successfully(file:///C:/Users/Admin/git/woocommerce-cucumber-bdd/src/test/resources/features/Login.feature:11)
... Removed 3 stack frames]]>
    </failure>
  </testcase> <!-- runScenario -->
  <testcase classname="io.cucumber.testng.AbstractTestNGCucumberTests" name="runScenario" time="33.443"/>
  <testcase classname="io.cucumber.testng.AbstractTestNGCucumberTests" name="runScenario" time="13.154">
    <failure type="java.lang.RuntimeException" message="Unable to click login button">
      <![CDATA[java.lang.RuntimeException: Unable to click login button
at pages.LoginPage.clickLoginButton(LoginPage.java:58)
at stepdefinitions.LoginSteps.i_click_on_the_login_button(LoginSteps.java:41)
at ✽.I click on the login button(file:///C:/Users/Admin/git/woocommerce-cucumber-bdd/src/test/resources/features/Login.feature:20)
]]>
    </failure>
  </testcase> <!-- runScenario -->
</testsuite> <!-- 1 - Login Tests -->
