<?xml version="1.0" encoding="UTF-8"?>
<!-- Generated by org.testng.reporters.JUnitXMLReporter -->
<testsuite ignored="0" hostname="LAPTOP-AOJIHBP7" failures="1" tests="5" name="2 - Register Tests" time="168.879" errors="0" timestamp="2026-04-16T18:23:16 IST">
  <testcase classname="io.cucumber.testng.AbstractTestNGCucumberTests" name="runScenario" time="43.738">
    <skipped/>
  </testcase> <!-- runScenario -->
  <testcase classname="io.cucumber.testng.AbstractTestNGCucumberTests" name="runScenario" time="40.814">
    <failure type="java.lang.AssertionError" message="Dashboard is not visible! expected [true] but found [false]">
      <![CDATA[java.lang.AssertionError: Dashboard is not visible! expected [true] but found [false]
at stepdefinitions.RegisterSteps.i_should_see_the_dashboard(RegisterSteps.java:56)
at ✽.I should see the dashboard(file:///C:/Users/Lenovo/woo-project/src/test/resources/features/Register.feature:14)
... Removed 3 stack frames]]>
    </failure>
  </testcase> <!-- runScenario -->
  <testcase classname="io.cucumber.testng.AbstractTestNGCucumberTests" name="runScenario" time="26.784"/>
  <testcase classname="io.cucumber.testng.AbstractTestNGCucumberTests" name="runScenario" time="28.248"/>
  <testcase classname="io.cucumber.testng.AbstractTestNGCucumberTests" name="runScenario" time="28.485"/>
</testsuite> <!-- 2 - Register Tests -->
