<?xml version="1.0" encoding="UTF-8"?>
<!-- Generated by org.testng.reporters.JUnitXMLReporter -->
<testsuite ignored="0" hostname="LAPTOP-AOJIHBP7" failures="0" tests="3" name="3 - Dashboard Tests" time="271.932" errors="0" timestamp="2026-04-13T09:56:53 IST">
  <testcase classname="io.cucumber.testng.AbstractTestNGCucumberTests" name="runScenario" time="31.016"/>
  <testcase classname="io.cucumber.testng.AbstractTestNGCucumberTests" name="runScenario" time="31.439"/>
  <testcase classname="io.cucumber.testng.AbstractTestNGCucumberTests" name="runScenario" time="209.423"/>
</testsuite> <!-- 3 - Dashboard Tests -->
