<?xml version="1.0" encoding="UTF-8"?>
<!-- Generated by org.testng.reporters.JUnitXMLReporter -->
<testsuite ignored="0" hostname="LAPTOP-AOJIHBP7" failures="0" tests="3" name="3 - Dashboard Tests" time="416.567" errors="0" timestamp="2026-04-17T10:25:16 IST">
  <testcase classname="io.cucumber.testng.AbstractTestNGCucumberTests" name="runScenario" time="33.294"/>
  <testcase classname="io.cucumber.testng.AbstractTestNGCucumberTests" name="runScenario" time="32.146"/>
  <testcase classname="io.cucumber.testng.AbstractTestNGCucumberTests" name="runScenario" time="351.053"/>
</testsuite> <!-- 3 - Dashboard Tests -->
